<?xml version="1.0" encoding="UTF-8"?>
<!-- Generated by org.testng.reporters.JUnitXMLReporter -->
<testsuite hostname="PC-20141112ONBO" name="case1" tests="6" failures="0" timestamp="29 Nov 2018 08:34:59 GMT" time="0.045" errors="0">
  <testcase name="t1" time="0.004" classname="com.guoxin.demo.LessonTgThread2"/>
  <testcase name="test1" time="0.005" classname="com.guoxin.demo.LessonTgThread1"/>
  <testcase name="t2" time="0.003" classname="com.guoxin.demo.LessonTgThread2"/>
  <testcase name="test2" time="0.003" classname="com.guoxin.demo.LessonTgThread1"/>
  <testcase name="t3" time="0.006" classname="com.guoxin.demo.LessonTgThread2"/>
  <testcase name="test3" time="0.003" classname="com.guoxin.demo.LessonTgThread1"/>
</testsuite> <!-- case1 -->
