<?xml version="1.0" encoding="UTF-8"?>
<!-- Generated by org.testng.reporters.JUnitXMLReporter -->
<testsuite hostname="PC-20141112ONBO" name="case2" tests="3" failures="0" timestamp="29 Nov 2018 08:20:46 GMT" time="0.039" errors="0">
  <testcase name="t1" time="0.009" classname="com.guoxin.demo.LessonTgThread2"/>
  <testcase name="t2" time="0.002" classname="com.guoxin.demo.LessonTgThread2"/>
  <testcase name="t3" time="0.003" classname="com.guoxin.demo.LessonTgThread2"/>
</testsuite> <!-- case2 -->
