<?xml version="1.0" encoding="UTF-8"?>
<!-- Generated by org.testng.reporters.JUnitXMLReporter -->
<testsuite hostname="PC-20141112ONBO" name="case1" tests="4" failures="1" timestamp="29 Nov 2018 02:34:44 GMT" time="0.046" errors="0">
  <testcase name="runOtherTest6" time="0.001" classname="com.guoxin.demo.TestDBConnection">
    <failure type="java.lang.RuntimeException">
      <![CDATA[java.lang.RuntimeException
	at com.guoxin.demo.TestDBConnection.runOtherTest6(TestDBConnection.java:54)
... Removed 30 stack frames]]>
    </failure>
  </testcase> <!-- runOtherTest6 -->
  <testcase name="runOtherTest3" time="0.0" classname="com.guoxin.demo.TestDBConnection"/>
  <testcase name="runOtherTest1" time="0.0" classname="com.guoxin.demo.TestDBConnection"/>
  <testcase name="runOtherTest7" time="0.0" classname="com.guoxin.demo.TestDBConnection">
    <skipped/>
  </testcase> <!-- runOtherTest7 -->
</testsuite> <!-- case1 -->
