<?xml version="1.0" encoding="UTF-8"?>
<!-- Generated by org.testng.reporters.JUnitXMLReporter -->
<testsuite hostname="PC-20141112ONBO" name="Default test" tests="22" failures="0" timestamp="29 Nov 2018 08:38:42 GMT" time="0.085" errors="0">
  <testcase name="test1" time="0.004" classname="com.guoxin.demo.LessonTgThread1"/>
  <testcase name="test1" time="0.006" classname="com.guoxin.demo.LessonTgThread1"/>
  <testcase name="test1" time="0.007" classname="com.guoxin.demo.LessonTgThread1"/>
  <testcase name="test1" time="0.009" classname="com.guoxin.demo.LessonTgThread1"/>
  <testcase name="test1" time="0.01" classname="com.guoxin.demo.LessonTgThread1"/>
  <testcase name="test1" time="0.003" classname="com.guoxin.demo.LessonTgThread1"/>
  <testcase name="test1" time="0.005" classname="com.guoxin.demo.LessonTgThread1"/>
  <testcase name="test1" time="0.012" classname="com.guoxin.demo.LessonTgThread1"/>
  <testcase name="test1" time="0.015" classname="com.guoxin.demo.LessonTgThread1"/>
  <testcase name="test1" time="0.009" classname="com.guoxin.demo.LessonTgThread1"/>
  <testcase name="test1" time="0.003" classname="com.guoxin.demo.LessonTgThread1"/>
  <testcase name="test1" time="0.005" classname="com.guoxin.demo.LessonTgThread1"/>
  <testcase name="test1" time="0.007" classname="com.guoxin.demo.LessonTgThread1"/>
  <testcase name="test1" time="0.001" classname="com.guoxin.demo.LessonTgThread1"/>
  <testcase name="test1" time="0.004" classname="com.guoxin.demo.LessonTgThread1"/>
  <testcase name="test1" time="0.007" classname="com.guoxin.demo.LessonTgThread1"/>
  <testcase name="test1" time="0.009" classname="com.guoxin.demo.LessonTgThread1"/>
  <testcase name="test1" time="0.008" classname="com.guoxin.demo.LessonTgThread1"/>
  <testcase name="test1" time="0.003" classname="com.guoxin.demo.LessonTgThread1"/>
  <testcase name="test1" time="0.005" classname="com.guoxin.demo.LessonTgThread1"/>
  <testcase name="test2" time="0.001" classname="com.guoxin.demo.LessonTgThread1"/>
  <testcase name="test3" time="0.001" classname="com.guoxin.demo.LessonTgThread1"/>
</testsuite> <!-- Default test -->
