<?xml version="1.0" encoding="UTF-8"?>
<!-- Generated by org.testng.reporters.JUnitXMLReporter -->
<testsuite hostname="PC-20141112ONBO" name="testDemo" tests="2" failures="1" timestamp="15 Nov 2018 03:58:54 GMT" time="0.035" errors="0">
  <testcase name="testcase1" time="0.016" classname="com.guoxin.demo.MavenTestNgDemo.TestDemo">
    <failure type="java.lang.AssertionError" message="expected [true] but found [false]">
      <![CDATA[java.lang.AssertionError: expected [true] but found [false]
	at com.guoxin.demo.MavenTestNgDemo.TestDemo.testcase1(TestDemo.java:9)
... Removed 28 stack frames]]>
    </failure>
  </testcase> <!-- testcase1 -->
  <testcase name="testcase2" time="0.002" classname="com.guoxin.demo.MavenTestNgDemo.TestDemo"/>
</testsuite> <!-- testDemo -->
