<?xml version="1.0" encoding="UTF-8" ?>
<testsuite failures="1" time="0.986" errors="0" skipped="1" tests="4" name="TestSuite">
  <properties>
[...]
</properties>
  <testcase time="0.011" classname="com.guoxin.demo.TestDBConnection" name="runOtherTest6">
    <failure type="java.lang.RuntimeException">java.lang.RuntimeException
	at com.guoxin.demo.TestDBConnection.runOtherTest6(TestDBConnection.java:54)
</failure>
    <system-out>@Test - runOtherTest6
</system-out>
  </testcase>
  <testcase time="0" classname="com.guoxin.demo.TestDBConnection" name="runOtherTest3"/>
  <testcase time="0.001" classname="com.guoxin.demo.TestDBConnection" name="runOtherTest1"/>
  <testcase time="0.002" classname="com.guoxin.demo.TestDBConnection" name="runOtherTest7">
    <skipped/>
  </testcase>
</testsuite>