-------------------------------------------------------------------------------
Test set: TestSuite
-------------------------------------------------------------------------------
Tests run: 4, Failures: 1, Errors: 0, Skipped: 1, Time elapsed: 1.059 sec <<< FAILURE!
runOtherTest6(com.guoxin.demo.TestDBConnection)  Time elapsed: 0.02 sec  <<< FAILURE!
java.lang.RuntimeException
	at com.guoxin.demo.TestDBConnection.runOtherTest6(TestDBConnection.java:54)

